2017-03-23 01:33:35,821 INFO  [Log] **************************************************************************************** 
2017-03-23 01:33:35,821 INFO  [Log] **************************************************************************************** 
2017-03-23 01:33:35,821 INFO  [Log] $$$$$$$$$$$$$$$$$$$$$                 BuyGiftForHim_TC_v2       $$$$$$$$$$$$$$$$$$$$$$$$$ 
2017-03-23 01:33:35,821 INFO  [Log] **************************************************************************************** 
2017-03-23 01:33:35,821 INFO  [Log] **************************************************************************************** 
2017-03-23 01:33:38,816 INFO  [Log] New driver instantiated 
2017-03-23 01:33:38,819 INFO  [Log] Implicit wait applied on the driver for 10 seconds 
2017-03-23 01:33:46,516 INFO  [Log] Web application launched successfully 
2017-03-23 01:33:47,352 INFO  [Log] Buy Gift Now button clicked 
2017-03-23 01:33:49,480 INFO  [Log] Buy For Him button clicked 
2017-03-23 01:33:49,630 INFO  [Log] XXXXXXXXXXXXXXXXXXXXXXX             -E---N---D-             XXXXXXXXXXXXXXXXXXXXXX 
2017-03-23 01:33:49,630 INFO  [Log] X 
2017-03-23 01:33:49,630 INFO  [Log] X 
2017-03-23 01:33:49,630 INFO  [Log] X 
2017-03-23 01:33:49,630 INFO  [Log] X 
2017-03-23 01:36:41,783 INFO  [Log] **************************************************************************************** 
2017-03-23 01:36:41,783 INFO  [Log] **************************************************************************************** 
2017-03-23 01:36:41,783 INFO  [Log] $$$$$$$$$$$$$$$$$$$$$                 BuyGiftForHim_TC_v2       $$$$$$$$$$$$$$$$$$$$$$$$$ 
2017-03-23 01:36:41,783 INFO  [Log] **************************************************************************************** 
2017-03-23 01:36:41,783 INFO  [Log] **************************************************************************************** 
2017-03-23 01:36:44,687 INFO  [Log] New driver instantiated 
2017-03-23 01:36:44,687 INFO  [Log] Implicit wait applied on the driver for 10 seconds 
2017-03-23 01:36:52,325 INFO  [Log] Web application launched successfully 
2017-03-23 01:36:53,235 INFO  [Log] Buy Gift Now button clicked 
2017-03-23 01:36:55,397 INFO  [Log] Buy For Him button clicked 
2017-03-23 01:36:55,529 INFO  [Log] XXXXXXXXXXXXXXXXXXXXXXX             -E---N---D-             XXXXXXXXXXXXXXXXXXXXXX 
2017-03-23 01:36:55,529 INFO  [Log] X 
2017-03-23 01:36:55,529 INFO  [Log] X 
2017-03-23 01:36:55,529 INFO  [Log] X 
2017-03-23 01:36:55,529 INFO  [Log] X 
2017-07-24 20:43:56,927 INFO  [Log] **************************************************************************************** 
2017-07-24 20:43:56,928 INFO  [Log] **************************************************************************************** 
2017-07-24 20:43:56,928 INFO  [Log] $$$$$$$$$$$$$$$$$$$$$                 BuyGiftForHim_TC_v2       $$$$$$$$$$$$$$$$$$$$$$$$$ 
2017-07-24 20:43:56,928 INFO  [Log] **************************************************************************************** 
2017-07-24 20:43:56,928 INFO  [Log] **************************************************************************************** 
2017-07-24 20:44:02,471 INFO  [Log] New driver instantiated 
2017-07-24 20:44:02,477 INFO  [Log] Implicit wait applied on the driver for 10 seconds 
2017-07-24 20:44:09,833 INFO  [Log] Web application launched successfully 
2017-07-24 20:44:10,077 INFO  [Log] Buy Gift Now button clicked 
2017-07-24 20:44:12,316 INFO  [Log] Buy For Him button clicked 
2017-07-24 20:44:12,509 INFO  [Log] XXXXXXXXXXXXXXXXXXXXXXX             -E---N---D-             XXXXXXXXXXXXXXXXXXXXXX 
2017-07-24 20:44:12,509 INFO  [Log] X 
2017-07-24 20:44:12,509 INFO  [Log] X 
2017-07-24 20:44:12,509 INFO  [Log] X 
2017-07-24 20:44:12,509 INFO  [Log] X 
